<?xml version="1.0" encoding="UTF-8"?>
<!-- Generated by org.testng.reporters.JUnitXMLReporter -->
<testsuite ignored="0" hostname="Sanket-PC" failures="1" tests="6" name="Chrome Tests" time="39.825" errors="0" timestamp="11 Mar 2024 08:34:01 GMT">
  <testcase classname="com.xyzbank.qa.testcases.HomepageNavigationTest" name="Homepagefun" time="1.257"/>
  <testcase classname="com.xyzbank.qa.testcases.BankManagerTest" name="managertest" time="5.32"/>
  <testcase classname="com.xyzbank.qa.testcases.CustomerLoginInfoTest" name="testCustomerLoginFlow" time="2.742"/>
  <testcase classname="com.xyzbank.qa.testcases.CustomerLoginTest" name="testCustomerLoginFlow" time="6.676"/>
  <testcase classname="com.xyzbank.qa.testcases.BankManagerTest" name="existingtest" time="2.607"/>
  <testcase classname="com.xyzbank.qa.testcases.BankManagerTest" name="invalidCustomerDetails" time="1.887">
    <failure type="java.lang.AssertionError" message="Account is not added as the details are invalid expected [Please provide the valid Customer details] but found [Customer added successfully with customer id :6]">
      <![CDATA[java.lang.AssertionError: Account is not added as the details are invalid expected [Please provide the valid Customer details] but found [Customer added successfully with customer id :6]
	at com.xyzbank.qa.pages.BankManagerPage.invalidCustomerDetails(BankManagerPage.java:146)
	at com.xyzbank.qa.testcases.BankManagerTest.invalidCustomerDetails(BankManagerTest.java:40)
... Removed 28 stack frames]]>
    </failure>
  </testcase> <!-- invalidCustomerDetails -->
</testsuite> <!-- Chrome Tests -->
