<?xml version="1.0" encoding="UTF-8"?>
<testng-results ignored="0" total="6" passed="5" failed="1" skipped="0">
  <reporter-output>
  </reporter-output>
  <suite started-at="2024-03-11T08:33:21Z" name="Test Suite" finished-at="2024-03-11T08:34:01Z" duration-ms="39825">
    <groups>
    </groups>
    <test started-at="2024-03-11T08:33:21Z" name="Chrome Tests" finished-at="2024-03-11T08:34:01Z" duration-ms="39825">
      <class name="com.xyzbank.qa.testcases.BankManagerTest">
        <test-method is-config="true" signature="setUp()[pri:0, instance:com.xyzbank.qa.testcases.BankManagerTest@6e0dec4a]" started-at="2024-03-11T14:03:28Z" name="setUp" finished-at="2024-03-11T14:03:30Z" duration-ms="2260" status="PASS">
          <reporter-output>
          </reporter-output>
        </test-method> <!-- setUp -->
        <test-method signature="managertest()[pri:0, instance:com.xyzbank.qa.testcases.BankManagerTest@6e0dec4a]" started-at="2024-03-11T14:03:30Z" name="managertest" finished-at="2024-03-11T14:03:35Z" duration-ms="5320" status="PASS">
          <reporter-output>
          </reporter-output>
        </test-method> <!-- managertest -->
        <test-method is-config="true" signature="setUp()[pri:0, instance:com.xyzbank.qa.testcases.BankManagerTest@6e0dec4a]" started-at="2024-03-11T14:03:50Z" name="setUp" finished-at="2024-03-11T14:03:54Z" duration-ms="4184" status="PASS">
          <reporter-output>
          </reporter-output>
        </test-method> <!-- setUp -->
        <test-method signature="existingtest()[pri:1, instance:com.xyzbank.qa.testcases.BankManagerTest@6e0dec4a]" started-at="2024-03-11T14:03:54Z" name="existingtest" finished-at="2024-03-11T14:03:57Z" duration-ms="2607" status="PASS">
          <reporter-output>
          </reporter-output>
        </test-method> <!-- existingtest -->
        <test-method is-config="true" signature="setUp()[pri:0, instance:com.xyzbank.qa.testcases.BankManagerTest@6e0dec4a]" started-at="2024-03-11T14:03:57Z" name="setUp" finished-at="2024-03-11T14:03:59Z" duration-ms="2081" status="PASS">
          <reporter-output>
          </reporter-output>
        </test-method> <!-- setUp -->
        <test-method signature="invalidCustomerDetails()[pri:2, instance:com.xyzbank.qa.testcases.BankManagerTest@6e0dec4a]" started-at="2024-03-11T14:03:59Z" name="invalidCustomerDetails" finished-at="2024-03-11T14:04:01Z" duration-ms="1887" status="FAIL">
          <exception class="java.lang.AssertionError">
            <message>
              <![CDATA[Account is not added as the details are invalid expected [Please provide the valid Customer details] but found [Customer added successfully with customer id :6]]]>
            </message>
            <full-stacktrace>
              <![CDATA[java.lang.AssertionError: Account is not added as the details are invalid expected [Please provide the valid Customer details] but found [Customer added successfully with customer id :6]
	at org.testng.Assert.fail(Assert.java:93)
	at org.testng.Assert.failNotEquals(Assert.java:512)
	at org.testng.Assert.assertEqualsImpl(Assert.java:134)
	at org.testng.Assert.assertEquals(Assert.java:115)
	at org.testng.Assert.assertEquals(Assert.java:189)
	at com.xyzbank.qa.pages.BankManagerPage.invalidCustomerDetails(BankManagerPage.java:146)
	at com.xyzbank.qa.testcases.BankManagerTest.invalidCustomerDetails(BankManagerTest.java:40)
	at java.base/jdk.internal.reflect.DirectMethodHandleAccessor.invoke(DirectMethodHandleAccessor.java:103)
	at java.base/java.lang.reflect.Method.invoke(Method.java:580)
	at org.testng.internal.MethodInvocationHelper.invokeMethod(MethodInvocationHelper.java:108)
	at org.testng.internal.Invoker.invokeMethod(Invoker.java:661)
	at org.testng.internal.Invoker.invokeTestMethod(Invoker.java:869)
	at org.testng.internal.Invoker.invokeTestMethods(Invoker.java:1193)
	at org.testng.internal.TestMethodWorker.invokeTestMethods(TestMethodWorker.java:126)
	at org.testng.internal.TestMethodWorker.run(TestMethodWorker.java:109)
	at org.testng.TestRunner.privateRun(TestRunner.java:744)
	at org.testng.TestRunner.run(TestRunner.java:602)
	at org.testng.SuiteRunner.runTest(SuiteRunner.java:380)
	at org.testng.SuiteRunner.runSequentially(SuiteRunner.java:375)
	at org.testng.SuiteRunner.privateRun(SuiteRunner.java:340)
	at org.testng.SuiteRunner.run(SuiteRunner.java:289)
	at org.testng.SuiteRunnerWorker.runSuite(SuiteRunnerWorker.java:52)
	at org.testng.SuiteRunnerWorker.run(SuiteRunnerWorker.java:86)
	at org.testng.TestNG.runSuitesSequentially(TestNG.java:1301)
	at org.testng.TestNG.runSuitesLocally(TestNG.java:1226)
	at org.testng.TestNG.runSuites(TestNG.java:1144)
	at org.testng.TestNG.run(TestNG.java:1115)
	at org.testng.remote.AbstractRemoteTestNG.run(AbstractRemoteTestNG.java:115)
	at org.testng.remote.RemoteTestNG.initAndRun(RemoteTestNG.java:251)
	at org.testng.remote.RemoteTestNG.main(RemoteTestNG.java:77)
]]>
            </full-stacktrace>
          </exception> <!-- java.lang.AssertionError -->
          <reporter-output>
          </reporter-output>
        </test-method> <!-- invalidCustomerDetails -->
      </class> <!-- com.xyzbank.qa.testcases.BankManagerTest -->
      <class name="com.xyzbank.qa.testcases.HomepageNavigationTest">
        <test-method is-config="true" signature="setUp()[pri:0, instance:com.xyzbank.qa.testcases.HomepageNavigationTest@56528192]" started-at="2024-03-11T14:03:21Z" name="setUp" finished-at="2024-03-11T14:03:26Z" duration-ms="5195" status="PASS">
          <reporter-output>
          </reporter-output>
        </test-method> <!-- setUp -->
        <test-method signature="Homepagefun()[pri:0, instance:com.xyzbank.qa.testcases.HomepageNavigationTest@56528192]" started-at="2024-03-11T14:03:26Z" name="Homepagefun" finished-at="2024-03-11T14:03:28Z" duration-ms="1257" status="PASS">
          <reporter-output>
          </reporter-output>
        </test-method> <!-- Homepagefun -->
      </class> <!-- com.xyzbank.qa.testcases.HomepageNavigationTest -->
      <class name="com.xyzbank.qa.testcases.CustomerLoginInfoTest">
        <test-method is-config="true" signature="setUp()[pri:0, instance:com.xyzbank.qa.testcases.CustomerLoginInfoTest@96def03]" started-at="2024-03-11T14:03:35Z" name="setUp" finished-at="2024-03-11T14:03:38Z" duration-ms="3179" status="PASS">
          <reporter-output>
          </reporter-output>
        </test-method> <!-- setUp -->
        <test-method signature="testCustomerLoginFlow()[pri:0, instance:com.xyzbank.qa.testcases.CustomerLoginInfoTest@96def03]" started-at="2024-03-11T14:03:38Z" name="testCustomerLoginFlow" finished-at="2024-03-11T14:03:41Z" duration-ms="2742" status="PASS">
          <reporter-output>
          </reporter-output>
        </test-method> <!-- testCustomerLoginFlow -->
      </class> <!-- com.xyzbank.qa.testcases.CustomerLoginInfoTest -->
      <class name="com.xyzbank.qa.testcases.CustomerLoginTest">
        <test-method is-config="true" signature="setUp()[pri:0, instance:com.xyzbank.qa.testcases.CustomerLoginTest@5ccddd20]" started-at="2024-03-11T14:03:41Z" name="setUp" finished-at="2024-03-11T14:03:44Z" duration-ms="2404" status="PASS">
          <reporter-output>
          </reporter-output>
        </test-method> <!-- setUp -->
        <test-method signature="testCustomerLoginFlow()[pri:0, instance:com.xyzbank.qa.testcases.CustomerLoginTest@5ccddd20]" started-at="2024-03-11T14:03:44Z" name="testCustomerLoginFlow" finished-at="2024-03-11T14:03:50Z" duration-ms="6676" status="PASS">
          <reporter-output>
          </reporter-output>
        </test-method> <!-- testCustomerLoginFlow -->
      </class> <!-- com.xyzbank.qa.testcases.CustomerLoginTest -->
    </test> <!-- Chrome Tests -->
  </suite> <!-- Test Suite -->
</testng-results>
